2023-05-19 21:48:13,726 [Worker-7: Loading available Gradle versions] INFO  o.e.b.c.i.u.g.PublishedGradleVersions - Gradle version information cache is out-of-date. Trying to update.
2023-05-19 21:56:44,552 [Worker-1: Loading available Gradle versions] INFO  o.e.b.c.i.u.g.PublishedGradleVersions - Gradle version information cache is up-to-date. Trying to read.
2023-05-19 21:58:52,873 [Worker-19: Launching mavenrun-fdb25eb9-01a4-4da5-a8d1-a8ea963159d1] INFO  o.eclipse.m2e.core.internal.Bundles - getClasspathEntries(Bundle=org.eclipse.m2e.maven.runtime_3.8.604.20221130-2149 [603])
2023-05-19 21:58:52,876 [Worker-19: Launching mavenrun-fdb25eb9-01a4-4da5-a8d1-a8ea963159d1] INFO  o.eclipse.m2e.core.internal.Bundles - 	Entry: C:\Users\GAURANG\.p2\pool\plugins\org.eclipse.m2e.maven.runtime_3.8.604.20221130-2149
2023-05-19 21:58:52,877 [Worker-19: Launching mavenrun-fdb25eb9-01a4-4da5-a8d1-a8ea963159d1] INFO  o.eclipse.m2e.core.internal.Bundles - 	Entry: C:\Users\GAURANG\.p2\pool\plugins\org.eclipse.m2e.maven.runtime_3.8.604.20221130-2149\jars\aether-connector-okhttp-0.17.8.jar
2023-05-19 21:58:52,877 [Worker-19: Launching mavenrun-fdb25eb9-01a4-4da5-a8d1-a8ea963159d1] INFO  o.eclipse.m2e.core.internal.Bundles - 	Entry: C:\Users\GAURANG\.p2\pool\plugins\org.eclipse.m2e.maven.runtime_3.8.604.20221130-2149\jars\commons-cli-1.4.jar
2023-05-19 21:58:52,877 [Worker-19: Launching mavenrun-fdb25eb9-01a4-4da5-a8d1-a8ea963159d1] INFO  o.eclipse.m2e.core.internal.Bundles - 	Entry: C:\Users\GAURANG\.p2\pool\plugins\org.eclipse.m2e.maven.runtime_3.8.604.20221130-2149\jars\commons-io-2.6.jar
2023-05-19 21:58:52,877 [Worker-19: Launching mavenrun-fdb25eb9-01a4-4da5-a8d1-a8ea963159d1] INFO  o.eclipse.m2e.core.internal.Bundles - 	Entry: C:\Users\GAURANG\.p2\pool\plugins\org.eclipse.m2e.maven.runtime_3.8.604.20221130-2149\jars\commons-lang3-3.8.1.jar
2023-05-19 21:58:52,877 [Worker-19: Launching mavenrun-fdb25eb9-01a4-4da5-a8d1-a8ea963159d1] INFO  o.eclipse.m2e.core.internal.Bundles - 	Entry: C:\Users\GAURANG\.p2\pool\plugins\org.eclipse.m2e.maven.runtime_3.8.604.20221130-2149\jars\guice-4.2.2-no_aop.jar
2023-05-19 21:58:52,877 [Worker-19: Launching mavenrun-fdb25eb9-01a4-4da5-a8d1-a8ea963159d1] INFO  o.eclipse.m2e.core.internal.Bundles - 	Entry: C:\Users\GAURANG\.p2\pool\plugins\org.eclipse.m2e.maven.runtime_3.8.604.20221130-2149\jars\jansi-2.4.0.jar
2023-05-19 21:58:52,878 [Worker-19: Launching mavenrun-fdb25eb9-01a4-4da5-a8d1-a8ea963159d1] INFO  o.eclipse.m2e.core.internal.Bundles - 	Entry: C:\Users\GAURANG\.p2\pool\plugins\org.eclipse.m2e.maven.runtime_3.8.604.20221130-2149\jars\maven-artifact-3.8.6.jar
2023-05-19 21:58:52,878 [Worker-19: Launching mavenrun-fdb25eb9-01a4-4da5-a8d1-a8ea963159d1] INFO  o.eclipse.m2e.core.internal.Bundles - 	Entry: C:\Users\GAURANG\.p2\pool\plugins\org.eclipse.m2e.maven.runtime_3.8.604.20221130-2149\jars\maven-builder-support-3.8.6.jar
2023-05-19 21:58:52,878 [Worker-19: Launching mavenrun-fdb25eb9-01a4-4da5-a8d1-a8ea963159d1] INFO  o.eclipse.m2e.core.internal.Bundles - 	Entry: C:\Users\GAURANG\.p2\pool\plugins\org.eclipse.m2e.maven.runtime_3.8.604.20221130-2149\jars\maven-compat-3.8.6.jar
2023-05-19 21:58:52,878 [Worker-19: Launching mavenrun-fdb25eb9-01a4-4da5-a8d1-a8ea963159d1] INFO  o.eclipse.m2e.core.internal.Bundles - 	Entry: C:\Users\GAURANG\.p2\pool\plugins\org.eclipse.m2e.maven.runtime_3.8.604.20221130-2149\jars\maven-core-3.8.6.jar
2023-05-19 21:58:52,878 [Worker-19: Launching mavenrun-fdb25eb9-01a4-4da5-a8d1-a8ea963159d1] INFO  o.eclipse.m2e.core.internal.Bundles - 	Entry: C:\Users\GAURANG\.p2\pool\plugins\org.eclipse.m2e.maven.runtime_3.8.604.20221130-2149\jars\maven-embedder-3.8.6.jar
2023-05-19 21:58:52,878 [Worker-19: Launching mavenrun-fdb25eb9-01a4-4da5-a8d1-a8ea963159d1] INFO  o.eclipse.m2e.core.internal.Bundles - 	Entry: C:\Users\GAURANG\.p2\pool\plugins\org.eclipse.m2e.maven.runtime_3.8.604.20221130-2149\jars\maven-model-3.8.6.jar
2023-05-19 21:58:52,878 [Worker-19: Launching mavenrun-fdb25eb9-01a4-4da5-a8d1-a8ea963159d1] INFO  o.eclipse.m2e.core.internal.Bundles - 	Entry: C:\Users\GAURANG\.p2\pool\plugins\org.eclipse.m2e.maven.runtime_3.8.604.20221130-2149\jars\maven-model-builder-3.8.6.jar
2023-05-19 21:58:52,878 [Worker-19: Launching mavenrun-fdb25eb9-01a4-4da5-a8d1-a8ea963159d1] INFO  o.eclipse.m2e.core.internal.Bundles - 	Entry: C:\Users\GAURANG\.p2\pool\plugins\org.eclipse.m2e.maven.runtime_3.8.604.20221130-2149\jars\maven-plugin-api-3.8.6.jar
2023-05-19 21:58:52,878 [Worker-19: Launching mavenrun-fdb25eb9-01a4-4da5-a8d1-a8ea963159d1] INFO  o.eclipse.m2e.core.internal.Bundles - 	Entry: C:\Users\GAURANG\.p2\pool\plugins\org.eclipse.m2e.maven.runtime_3.8.604.20221130-2149\jars\maven-repository-metadata-3.8.6.jar
2023-05-19 21:58:52,878 [Worker-19: Launching mavenrun-fdb25eb9-01a4-4da5-a8d1-a8ea963159d1] INFO  o.eclipse.m2e.core.internal.Bundles - 	Entry: C:\Users\GAURANG\.p2\pool\plugins\org.eclipse.m2e.maven.runtime_3.8.604.20221130-2149\jars\maven-resolver-api-1.6.3.jar
2023-05-19 21:58:52,878 [Worker-19: Launching mavenrun-fdb25eb9-01a4-4da5-a8d1-a8ea963159d1] INFO  o.eclipse.m2e.core.internal.Bundles - 	Entry: C:\Users\GAURANG\.p2\pool\plugins\org.eclipse.m2e.maven.runtime_3.8.604.20221130-2149\jars\maven-resolver-connector-basic-1.6.3.jar
2023-05-19 21:58:52,879 [Worker-19: Launching mavenrun-fdb25eb9-01a4-4da5-a8d1-a8ea963159d1] INFO  o.eclipse.m2e.core.internal.Bundles - 	Entry: C:\Users\GAURANG\.p2\pool\plugins\org.eclipse.m2e.maven.runtime_3.8.604.20221130-2149\jars\maven-resolver-impl-1.6.3.jar
2023-05-19 21:58:52,879 [Worker-19: Launching mavenrun-fdb25eb9-01a4-4da5-a8d1-a8ea963159d1] INFO  o.eclipse.m2e.core.internal.Bundles - 	Entry: C:\Users\GAURANG\.p2\pool\plugins\org.eclipse.m2e.maven.runtime_3.8.604.20221130-2149\jars\maven-resolver-provider-3.8.6.jar
2023-05-19 21:58:52,879 [Worker-19: Launching mavenrun-fdb25eb9-01a4-4da5-a8d1-a8ea963159d1] INFO  o.eclipse.m2e.core.internal.Bundles - 	Entry: C:\Users\GAURANG\.p2\pool\plugins\org.eclipse.m2e.maven.runtime_3.8.604.20221130-2149\jars\maven-resolver-spi-1.6.3.jar
2023-05-19 21:58:52,879 [Worker-19: Launching mavenrun-fdb25eb9-01a4-4da5-a8d1-a8ea963159d1] INFO  o.eclipse.m2e.core.internal.Bundles - 	Entry: C:\Users\GAURANG\.p2\pool\plugins\org.eclipse.m2e.maven.runtime_3.8.604.20221130-2149\jars\maven-resolver-transport-wagon-1.6.3.jar
2023-05-19 21:58:52,879 [Worker-19: Launching mavenrun-fdb25eb9-01a4-4da5-a8d1-a8ea963159d1] INFO  o.eclipse.m2e.core.internal.Bundles - 	Entry: C:\Users\GAURANG\.p2\pool\plugins\org.eclipse.m2e.maven.runtime_3.8.604.20221130-2149\jars\maven-resolver-util-1.6.3.jar
2023-05-19 21:58:52,879 [Worker-19: Launching mavenrun-fdb25eb9-01a4-4da5-a8d1-a8ea963159d1] INFO  o.eclipse.m2e.core.internal.Bundles - 	Entry: C:\Users\GAURANG\.p2\pool\plugins\org.eclipse.m2e.maven.runtime_3.8.604.20221130-2149\jars\maven-settings-3.8.6.jar
2023-05-19 21:58:52,879 [Worker-19: Launching mavenrun-fdb25eb9-01a4-4da5-a8d1-a8ea963159d1] INFO  o.eclipse.m2e.core.internal.Bundles - 	Entry: C:\Users\GAURANG\.p2\pool\plugins\org.eclipse.m2e.maven.runtime_3.8.604.20221130-2149\jars\maven-settings-builder-3.8.6.jar
2023-05-19 21:58:52,879 [Worker-19: Launching mavenrun-fdb25eb9-01a4-4da5-a8d1-a8ea963159d1] INFO  o.eclipse.m2e.core.internal.Bundles - 	Entry: C:\Users\GAURANG\.p2\pool\plugins\org.eclipse.m2e.maven.runtime_3.8.604.20221130-2149\jars\maven-shared-utils-3.3.4.jar
2023-05-19 21:58:52,879 [Worker-19: Launching mavenrun-fdb25eb9-01a4-4da5-a8d1-a8ea963159d1] INFO  o.eclipse.m2e.core.internal.Bundles - 	Entry: C:\Users\GAURANG\.p2\pool\plugins\org.eclipse.m2e.maven.runtime_3.8.604.20221130-2149\jars\okhttp-3.14.1.jar
2023-05-19 21:58:52,879 [Worker-19: Launching mavenrun-fdb25eb9-01a4-4da5-a8d1-a8ea963159d1] INFO  o.eclipse.m2e.core.internal.Bundles - 	Entry: C:\Users\GAURANG\.p2\pool\plugins\org.eclipse.m2e.maven.runtime_3.8.604.20221130-2149\jars\okio-1.17.3.jar
2023-05-19 21:58:52,879 [Worker-19: Launching mavenrun-fdb25eb9-01a4-4da5-a8d1-a8ea963159d1] INFO  o.eclipse.m2e.core.internal.Bundles - 	Entry: C:\Users\GAURANG\.p2\pool\plugins\org.eclipse.m2e.maven.runtime_3.8.604.20221130-2149\jars\org.eclipse.sisu.inject-0.3.5.jar
2023-05-19 21:58:52,880 [Worker-19: Launching mavenrun-fdb25eb9-01a4-4da5-a8d1-a8ea963159d1] INFO  o.eclipse.m2e.core.internal.Bundles - 	Entry: C:\Users\GAURANG\.p2\pool\plugins\org.eclipse.m2e.maven.runtime_3.8.604.20221130-2149\jars\org.eclipse.sisu.plexus-0.3.5.jar
2023-05-19 21:58:52,880 [Worker-19: Launching mavenrun-fdb25eb9-01a4-4da5-a8d1-a8ea963159d1] INFO  o.eclipse.m2e.core.internal.Bundles - 	Entry: C:\Users\GAURANG\.p2\pool\plugins\org.eclipse.m2e.maven.runtime_3.8.604.20221130-2149\jars\plexus-build-api-0.0.7.jar
2023-05-19 21:58:52,880 [Worker-19: Launching mavenrun-fdb25eb9-01a4-4da5-a8d1-a8ea963159d1] INFO  o.eclipse.m2e.core.internal.Bundles - 	Entry: C:\Users\GAURANG\.p2\pool\plugins\org.eclipse.m2e.maven.runtime_3.8.604.20221130-2149\jars\plexus-cipher-2.0.jar
2023-05-19 21:58:52,880 [Worker-19: Launching mavenrun-fdb25eb9-01a4-4da5-a8d1-a8ea963159d1] INFO  o.eclipse.m2e.core.internal.Bundles - 	Entry: C:\Users\GAURANG\.p2\pool\plugins\org.eclipse.m2e.maven.runtime_3.8.604.20221130-2149\jars\plexus-classworlds-2.6.0.jar
2023-05-19 21:58:52,880 [Worker-19: Launching mavenrun-fdb25eb9-01a4-4da5-a8d1-a8ea963159d1] INFO  o.eclipse.m2e.core.internal.Bundles - 	Entry: C:\Users\GAURANG\.p2\pool\plugins\org.eclipse.m2e.maven.runtime_3.8.604.20221130-2149\jars\plexus-component-annotations-2.1.0.jar
2023-05-19 21:58:52,880 [Worker-19: Launching mavenrun-fdb25eb9-01a4-4da5-a8d1-a8ea963159d1] INFO  o.eclipse.m2e.core.internal.Bundles - 	Entry: C:\Users\GAURANG\.p2\pool\plugins\org.eclipse.m2e.maven.runtime_3.8.604.20221130-2149\jars\plexus-interpolation-1.26.jar
2023-05-19 21:58:52,880 [Worker-19: Launching mavenrun-fdb25eb9-01a4-4da5-a8d1-a8ea963159d1] INFO  o.eclipse.m2e.core.internal.Bundles - 	Entry: C:\Users\GAURANG\.p2\pool\plugins\org.eclipse.m2e.maven.runtime_3.8.604.20221130-2149\jars\plexus-sec-dispatcher-2.0.jar
2023-05-19 21:58:52,880 [Worker-19: Launching mavenrun-fdb25eb9-01a4-4da5-a8d1-a8ea963159d1] INFO  o.eclipse.m2e.core.internal.Bundles - 	Entry: C:\Users\GAURANG\.p2\pool\plugins\org.eclipse.m2e.maven.runtime_3.8.604.20221130-2149\jars\plexus-utils-3.3.1.jar
2023-05-19 21:58:52,880 [Worker-19: Launching mavenrun-fdb25eb9-01a4-4da5-a8d1-a8ea963159d1] INFO  o.eclipse.m2e.core.internal.Bundles - 	Entry: C:\Users\GAURANG\.p2\pool\plugins\org.eclipse.m2e.maven.runtime_3.8.604.20221130-2149\jars\wagon-file-3.5.1.jar
2023-05-19 21:58:52,880 [Worker-19: Launching mavenrun-fdb25eb9-01a4-4da5-a8d1-a8ea963159d1] INFO  o.eclipse.m2e.core.internal.Bundles - 	Entry: C:\Users\GAURANG\.p2\pool\plugins\org.eclipse.m2e.maven.runtime_3.8.604.20221130-2149\jars\wagon-provider-api-3.5.1.jar
2023-05-19 21:58:52,881 [Worker-19: Launching mavenrun-fdb25eb9-01a4-4da5-a8d1-a8ea963159d1] INFO  o.eclipse.m2e.core.internal.Bundles - getClasspathEntries(Bundle=com.google.guava_30.1.0.v20221112-0806 [10])
2023-05-19 21:58:52,883 [Worker-19: Launching mavenrun-fdb25eb9-01a4-4da5-a8d1-a8ea963159d1] INFO  o.eclipse.m2e.core.internal.Bundles - 	Entry: C:\Users\GAURANG\.p2\pool\plugins\com.google.guava_30.1.0.v20221112-0806.jar
2023-05-19 21:58:52,883 [Worker-19: Launching mavenrun-fdb25eb9-01a4-4da5-a8d1-a8ea963159d1] INFO  o.eclipse.m2e.core.internal.Bundles - getClasspathEntries(Bundle=slf4j.api_1.7.36 [915])
2023-05-19 21:58:52,884 [Worker-19: Launching mavenrun-fdb25eb9-01a4-4da5-a8d1-a8ea963159d1] INFO  o.eclipse.m2e.core.internal.Bundles - 	Entry: C:\Users\GAURANG\.p2\pool\plugins\slf4j.api_1.7.36.jar
2023-05-19 21:58:52,884 [Worker-19: Launching mavenrun-fdb25eb9-01a4-4da5-a8d1-a8ea963159d1] INFO  o.eclipse.m2e.core.internal.Bundles - getClasspathEntries(Bundle=javax.inject_1.0.0.v20220405-0441 [32])
2023-05-19 21:58:52,884 [Worker-19: Launching mavenrun-fdb25eb9-01a4-4da5-a8d1-a8ea963159d1] INFO  o.eclipse.m2e.core.internal.Bundles - 	Entry: C:\Users\GAURANG\.p2\pool\plugins\javax.inject_1.0.0.v20220405-0441.jar
2023-05-19 21:58:52,884 [Worker-19: Launching mavenrun-fdb25eb9-01a4-4da5-a8d1-a8ea963159d1] INFO  o.eclipse.m2e.core.internal.Bundles - getClasspathEntries(Bundle=javax.annotation_1.3.5.v20221112-0806 [30])
2023-05-19 21:58:52,885 [Worker-19: Launching mavenrun-fdb25eb9-01a4-4da5-a8d1-a8ea963159d1] INFO  o.eclipse.m2e.core.internal.Bundles - 	Entry: C:\Users\GAURANG\.p2\pool\plugins\javax.annotation_1.3.5.v20221112-0806.jar
2023-05-19 21:58:52,889 [Worker-19: Launching mavenrun-fdb25eb9-01a4-4da5-a8d1-a8ea963159d1] INFO  o.e.m.i.launch.MavenLaunchDelegate - Run build in "C:\Users\GAURANG\AppData\Local\Temp\m2e-archetypeGenerator6311433159752791575":
2023-05-19 21:58:52,891 [Worker-19: Launching mavenrun-fdb25eb9-01a4-4da5-a8d1-a8ea963159d1] INFO  o.e.m.i.launch.MavenLaunchDelegate -  mvn  -DarchetypeGroupId=org.apache.maven.archetypes -DarchetypeArtifactId=maven-archetype-quickstart -DarchetypeVersion=1.1 -DgroupId=com.Spring -DartifactId=SpringCore -Dversion=0.0.1-SNAPSHOT -Dpackage=com.Spring -DoutputDirectory=C:\Users\GAURANG\Desktop\spring_framework -Dstyle.color=always -U archetype:generate
2023-05-19 21:59:04,631 [Worker-6: Creating maven-archetype-quickstart] INFO  o.e.m.c.i.p.ProjectConfigurationManager - Collecting project info '/pom.xml' C:\Users\GAURANG\Desktop\spring_framework\SpringCore\pom.xml
2023-05-19 21:59:05,236 [Worker-6: Creating maven-archetype-quickstart] INFO  o.e.m.c.i.l.LifecycleMappingFactory - Using org.eclipse.m2e.jdt.JarLifecycleMapping lifecycle mapping for MavenProject: com.Spring:SpringCore:0.0.1-SNAPSHOT @ C:\Users\GAURANG\Desktop\spring_framework\SpringCore\pom.xml.
2023-05-19 21:59:05,536 [Worker-6: Creating maven-archetype-quickstart] INFO  o.e.m.j.i.AbstractJavaProjectConfigurator - Adding source folder /SpringCore/src/main/java
2023-05-19 21:59:05,538 [Worker-6: Creating maven-archetype-quickstart] INFO  o.e.m.j.i.AbstractJavaProjectConfigurator - Adding source folder /SpringCore/src/test/java
2023-05-19 21:59:05,590 [Worker-6: Creating maven-archetype-quickstart] INFO  o.e.m.c.i.p.ProjectConfigurationManager - Imported and configured 1 project(s) in 0 sec
2023-05-19 21:59:06,249 [Worker-9: Building] INFO  o.e.m.c.i.embedder.EclipseLogger - Using 'UTF-8' encoding to copy filtered resources.
2023-05-19 21:59:06,249 [Worker-9: Building] INFO  o.e.m.c.i.embedder.EclipseLogger - skip non existing resourceDirectory C:\Users\GAURANG\Desktop\spring_framework\SpringCore\src\main\resources
2023-05-19 21:59:06,251 [Worker-9: Building] INFO  o.e.m.c.i.embedder.EclipseLogger - Using 'UTF-8' encoding to copy filtered resources.
2023-05-19 21:59:06,251 [Worker-9: Building] INFO  o.e.m.c.i.embedder.EclipseLogger - skip non existing resourceDirectory C:\Users\GAURANG\Desktop\spring_framework\SpringCore\src\test\resources
2023-05-19 22:01:18,179 [Worker-1: Loading available Gradle versions] INFO  o.e.b.c.i.u.g.PublishedGradleVersions - Gradle version information cache is up-to-date. Trying to read.
2023-05-19 22:07:08,200 [Worker-7: Loading available Gradle versions] INFO  o.e.b.c.i.u.g.PublishedGradleVersions - Gradle version information cache is up-to-date. Trying to read.
2023-05-19 22:07:34,049 [Worker-2: Loading available Gradle versions] INFO  o.e.b.c.i.u.g.PublishedGradleVersions - Gradle version information cache is up-to-date. Trying to read.
2023-05-19 22:08:09,747 [Worker-6: Loading available Gradle versions] INFO  o.e.b.c.i.u.g.PublishedGradleVersions - Gradle version information cache is up-to-date. Trying to read.
2023-05-19 22:10:48,291 [Worker-12: Building] INFO  o.e.m.c.i.l.LifecycleMappingFactory - Using org.eclipse.m2e.jdt.JarLifecycleMapping lifecycle mapping for MavenProject: com.Spring:SpringCore:0.0.1-SNAPSHOT @ C:\Users\GAURANG\Desktop\spring_framework\SpringCore\pom.xml.
2023-05-19 22:10:48,510 [Worker-12: Building] INFO  o.e.m.c.i.embedder.EclipseLogger - Using 'UTF-8' encoding to copy filtered resources.
2023-05-19 22:10:48,510 [Worker-12: Building] INFO  o.e.m.c.i.embedder.EclipseLogger - skip non existing resourceDirectory C:\Users\GAURANG\Desktop\spring_framework\SpringCore\src\main\resources
2023-05-19 22:10:48,510 [Worker-12: Building] INFO  o.e.m.c.i.embedder.EclipseLogger - Using 'UTF-8' encoding to copy filtered resources.
2023-05-19 22:10:48,510 [Worker-12: Building] INFO  o.e.m.c.i.embedder.EclipseLogger - skip non existing resourceDirectory C:\Users\GAURANG\Desktop\spring_framework\SpringCore\src\test\resources
2023-05-19 22:10:49,697 [Worker-30: Building] INFO  o.e.m.c.i.embedder.EclipseLogger - Using 'UTF-8' encoding to copy filtered resources.
2023-05-19 22:10:49,697 [Worker-30: Building] INFO  o.e.m.c.i.embedder.EclipseLogger - skip non existing resourceDirectory C:\Users\GAURANG\Desktop\spring_framework\SpringCore\src\main\resources
2023-05-19 22:10:49,698 [Worker-30: Building] INFO  o.e.m.c.i.embedder.EclipseLogger - Using 'UTF-8' encoding to copy filtered resources.
2023-05-19 22:10:49,698 [Worker-30: Building] INFO  o.e.m.c.i.embedder.EclipseLogger - skip non existing resourceDirectory C:\Users\GAURANG\Desktop\spring_framework\SpringCore\src\test\resources
2023-05-19 22:10:50,035 [Worker-0: Download sources and javadoc] INFO  o.e.m.c.i.e.AbstractTransferListenerAdapter - Downloading https://repo.maven.apache.org/maven2/org/springframework/spring-core/5.3.24/spring-core-5.3.24-sources.jar
2023-05-19 22:10:51,430 [Worker-0: Download sources and javadoc] INFO  o.e.m.c.i.e.AbstractTransferListenerAdapter - Downloaded https://repo.maven.apache.org/maven2/org/springframework/spring-core/5.3.24/spring-core-5.3.24-sources.jar
2023-05-19 22:10:51,432 [Worker-0: Download sources and javadoc] INFO  o.e.m.j.internal.DownloadSourcesJob - Downloaded sources for org.springframework:spring-core:5.3.24
2023-05-19 22:10:51,601 [Worker-0: Download sources and javadoc] INFO  o.e.m.c.i.e.AbstractTransferListenerAdapter - Downloading https://repo.maven.apache.org/maven2/org/springframework/spring-jcl/5.3.24/spring-jcl-5.3.24-sources.jar
2023-05-19 22:10:51,661 [Worker-0: Download sources and javadoc] INFO  o.e.m.c.i.e.AbstractTransferListenerAdapter - Downloaded https://repo.maven.apache.org/maven2/org/springframework/spring-jcl/5.3.24/spring-jcl-5.3.24-sources.jar
2023-05-19 22:10:51,663 [Worker-0: Download sources and javadoc] INFO  o.e.m.j.internal.DownloadSourcesJob - Downloaded sources for org.springframework:spring-jcl:5.3.24
2023-05-19 22:10:51,837 [Worker-0: Download sources and javadoc] INFO  o.e.m.c.i.e.AbstractTransferListenerAdapter - Downloading https://repo.maven.apache.org/maven2/org/springframework/spring-context/5.3.24/spring-context-5.3.24-sources.jar
2023-05-19 22:10:52,235 [Worker-0: Download sources and javadoc] INFO  o.e.m.c.i.e.AbstractTransferListenerAdapter - Downloaded https://repo.maven.apache.org/maven2/org/springframework/spring-context/5.3.24/spring-context-5.3.24-sources.jar
2023-05-19 22:10:52,239 [Worker-0: Download sources and javadoc] INFO  o.e.m.j.internal.DownloadSourcesJob - Downloaded sources for org.springframework:spring-context:5.3.24
2023-05-19 22:10:52,374 [Worker-0: Download sources and javadoc] INFO  o.e.m.c.i.e.AbstractTransferListenerAdapter - Downloading https://repo.maven.apache.org/maven2/org/springframework/spring-aop/5.3.24/spring-aop-5.3.24-sources.jar
2023-05-19 22:10:52,581 [Worker-0: Download sources and javadoc] INFO  o.e.m.c.i.e.AbstractTransferListenerAdapter - Downloaded https://repo.maven.apache.org/maven2/org/springframework/spring-aop/5.3.24/spring-aop-5.3.24-sources.jar
2023-05-19 22:10:52,583 [Worker-0: Download sources and javadoc] INFO  o.e.m.j.internal.DownloadSourcesJob - Downloaded sources for org.springframework:spring-aop:5.3.24
2023-05-19 22:10:52,735 [Worker-0: Download sources and javadoc] INFO  o.e.m.c.i.e.AbstractTransferListenerAdapter - Downloading https://repo.maven.apache.org/maven2/org/springframework/spring-beans/5.3.24/spring-beans-5.3.24-sources.jar
2023-05-19 22:10:53,035 [Worker-0: Download sources and javadoc] INFO  o.e.m.c.i.e.AbstractTransferListenerAdapter - Downloaded https://repo.maven.apache.org/maven2/org/springframework/spring-beans/5.3.24/spring-beans-5.3.24-sources.jar
2023-05-19 22:10:53,037 [Worker-0: Download sources and javadoc] INFO  o.e.m.j.internal.DownloadSourcesJob - Downloaded sources for org.springframework:spring-beans:5.3.24
2023-05-19 22:10:53,181 [Worker-0: Download sources and javadoc] INFO  o.e.m.c.i.e.AbstractTransferListenerAdapter - Downloading https://repo.maven.apache.org/maven2/org/springframework/spring-expression/5.3.24/spring-expression-5.3.24-sources.jar
2023-05-19 22:10:53,375 [Worker-0: Download sources and javadoc] INFO  o.e.m.c.i.e.AbstractTransferListenerAdapter - Downloaded https://repo.maven.apache.org/maven2/org/springframework/spring-expression/5.3.24/spring-expression-5.3.24-sources.jar
2023-05-19 22:10:53,377 [Worker-0: Download sources and javadoc] INFO  o.e.m.j.internal.DownloadSourcesJob - Downloaded sources for org.springframework:spring-expression:5.3.24
2023-05-19 22:10:53,528 [Worker-32: Building] INFO  o.e.m.c.i.embedder.EclipseLogger - Using 'UTF-8' encoding to copy filtered resources.
2023-05-19 22:10:53,528 [Worker-32: Building] INFO  o.e.m.c.i.embedder.EclipseLogger - skip non existing resourceDirectory C:\Users\GAURANG\Desktop\spring_framework\SpringCore\src\main\resources
2023-05-19 22:10:53,529 [Worker-32: Building] INFO  o.e.m.c.i.embedder.EclipseLogger - Using 'UTF-8' encoding to copy filtered resources.
2023-05-19 22:10:53,529 [Worker-32: Building] INFO  o.e.m.c.i.embedder.EclipseLogger - skip non existing resourceDirectory C:\Users\GAURANG\Desktop\spring_framework\SpringCore\src\test\resources
2023-05-19 22:11:05,490 [Worker-31: Building] INFO  o.e.m.c.i.embedder.EclipseLogger - Using 'UTF-8' encoding to copy filtered resources.
2023-05-19 22:11:05,490 [Worker-31: Building] INFO  o.e.m.c.i.embedder.EclipseLogger - skip non existing resourceDirectory C:\Users\GAURANG\Desktop\spring_framework\SpringCore\src\main\resources
2023-05-19 22:11:05,491 [Worker-31: Building] INFO  o.e.m.c.i.embedder.EclipseLogger - Using 'UTF-8' encoding to copy filtered resources.
2023-05-19 22:11:05,491 [Worker-31: Building] INFO  o.e.m.c.i.embedder.EclipseLogger - skip non existing resourceDirectory C:\Users\GAURANG\Desktop\spring_framework\SpringCore\src\test\resources
2023-05-19 22:15:05,202 [Worker-31: Launching mavenrun-99d39fd9-fb51-46f9-b85d-efe780d09a2c] INFO  o.eclipse.m2e.core.internal.Bundles - getClasspathEntries(Bundle=org.eclipse.m2e.maven.runtime_3.8.604.20221130-2149 [603])
2023-05-19 22:15:05,204 [Worker-31: Launching mavenrun-99d39fd9-fb51-46f9-b85d-efe780d09a2c] INFO  o.eclipse.m2e.core.internal.Bundles - 	Entry: C:\Users\GAURANG\.p2\pool\plugins\org.eclipse.m2e.maven.runtime_3.8.604.20221130-2149
2023-05-19 22:15:05,205 [Worker-31: Launching mavenrun-99d39fd9-fb51-46f9-b85d-efe780d09a2c] INFO  o.eclipse.m2e.core.internal.Bundles - 	Entry: C:\Users\GAURANG\.p2\pool\plugins\org.eclipse.m2e.maven.runtime_3.8.604.20221130-2149\jars\aether-connector-okhttp-0.17.8.jar
2023-05-19 22:15:05,205 [Worker-31: Launching mavenrun-99d39fd9-fb51-46f9-b85d-efe780d09a2c] INFO  o.eclipse.m2e.core.internal.Bundles - 	Entry: C:\Users\GAURANG\.p2\pool\plugins\org.eclipse.m2e.maven.runtime_3.8.604.20221130-2149\jars\commons-cli-1.4.jar
2023-05-19 22:15:05,205 [Worker-31: Launching mavenrun-99d39fd9-fb51-46f9-b85d-efe780d09a2c] INFO  o.eclipse.m2e.core.internal.Bundles - 	Entry: C:\Users\GAURANG\.p2\pool\plugins\org.eclipse.m2e.maven.runtime_3.8.604.20221130-2149\jars\commons-io-2.6.jar
2023-05-19 22:15:05,205 [Worker-31: Launching mavenrun-99d39fd9-fb51-46f9-b85d-efe780d09a2c] INFO  o.eclipse.m2e.core.internal.Bundles - 	Entry: C:\Users\GAURANG\.p2\pool\plugins\org.eclipse.m2e.maven.runtime_3.8.604.20221130-2149\jars\commons-lang3-3.8.1.jar
2023-05-19 22:15:05,205 [Worker-31: Launching mavenrun-99d39fd9-fb51-46f9-b85d-efe780d09a2c] INFO  o.eclipse.m2e.core.internal.Bundles - 	Entry: C:\Users\GAURANG\.p2\pool\plugins\org.eclipse.m2e.maven.runtime_3.8.604.20221130-2149\jars\guice-4.2.2-no_aop.jar
2023-05-19 22:15:05,205 [Worker-31: Launching mavenrun-99d39fd9-fb51-46f9-b85d-efe780d09a2c] INFO  o.eclipse.m2e.core.internal.Bundles - 	Entry: C:\Users\GAURANG\.p2\pool\plugins\org.eclipse.m2e.maven.runtime_3.8.604.20221130-2149\jars\jansi-2.4.0.jar
2023-05-19 22:15:05,206 [Worker-31: Launching mavenrun-99d39fd9-fb51-46f9-b85d-efe780d09a2c] INFO  o.eclipse.m2e.core.internal.Bundles - 	Entry: C:\Users\GAURANG\.p2\pool\plugins\org.eclipse.m2e.maven.runtime_3.8.604.20221130-2149\jars\maven-artifact-3.8.6.jar
2023-05-19 22:15:05,206 [Worker-31: Launching mavenrun-99d39fd9-fb51-46f9-b85d-efe780d09a2c] INFO  o.eclipse.m2e.core.internal.Bundles - 	Entry: C:\Users\GAURANG\.p2\pool\plugins\org.eclipse.m2e.maven.runtime_3.8.604.20221130-2149\jars\maven-builder-support-3.8.6.jar
2023-05-19 22:15:05,206 [Worker-31: Launching mavenrun-99d39fd9-fb51-46f9-b85d-efe780d09a2c] INFO  o.eclipse.m2e.core.internal.Bundles - 	Entry: C:\Users\GAURANG\.p2\pool\plugins\org.eclipse.m2e.maven.runtime_3.8.604.20221130-2149\jars\maven-compat-3.8.6.jar
2023-05-19 22:15:05,206 [Worker-31: Launching mavenrun-99d39fd9-fb51-46f9-b85d-efe780d09a2c] INFO  o.eclipse.m2e.core.internal.Bundles - 	Entry: C:\Users\GAURANG\.p2\pool\plugins\org.eclipse.m2e.maven.runtime_3.8.604.20221130-2149\jars\maven-core-3.8.6.jar
2023-05-19 22:15:05,206 [Worker-31: Launching mavenrun-99d39fd9-fb51-46f9-b85d-efe780d09a2c] INFO  o.eclipse.m2e.core.internal.Bundles - 	Entry: C:\Users\GAURANG\.p2\pool\plugins\org.eclipse.m2e.maven.runtime_3.8.604.20221130-2149\jars\maven-embedder-3.8.6.jar
2023-05-19 22:15:05,206 [Worker-31: Launching mavenrun-99d39fd9-fb51-46f9-b85d-efe780d09a2c] INFO  o.eclipse.m2e.core.internal.Bundles - 	Entry: C:\Users\GAURANG\.p2\pool\plugins\org.eclipse.m2e.maven.runtime_3.8.604.20221130-2149\jars\maven-model-3.8.6.jar
2023-05-19 22:15:05,206 [Worker-31: Launching mavenrun-99d39fd9-fb51-46f9-b85d-efe780d09a2c] INFO  o.eclipse.m2e.core.internal.Bundles - 	Entry: C:\Users\GAURANG\.p2\pool\plugins\org.eclipse.m2e.maven.runtime_3.8.604.20221130-2149\jars\maven-model-builder-3.8.6.jar
2023-05-19 22:15:05,206 [Worker-31: Launching mavenrun-99d39fd9-fb51-46f9-b85d-efe780d09a2c] INFO  o.eclipse.m2e.core.internal.Bundles - 	Entry: C:\Users\GAURANG\.p2\pool\plugins\org.eclipse.m2e.maven.runtime_3.8.604.20221130-2149\jars\maven-plugin-api-3.8.6.jar
2023-05-19 22:15:05,206 [Worker-31: Launching mavenrun-99d39fd9-fb51-46f9-b85d-efe780d09a2c] INFO  o.eclipse.m2e.core.internal.Bundles - 	Entry: C:\Users\GAURANG\.p2\pool\plugins\org.eclipse.m2e.maven.runtime_3.8.604.20221130-2149\jars\maven-repository-metadata-3.8.6.jar
2023-05-19 22:15:05,206 [Worker-31: Launching mavenrun-99d39fd9-fb51-46f9-b85d-efe780d09a2c] INFO  o.eclipse.m2e.core.internal.Bundles - 	Entry: C:\Users\GAURANG\.p2\pool\plugins\org.eclipse.m2e.maven.runtime_3.8.604.20221130-2149\jars\maven-resolver-api-1.6.3.jar
2023-05-19 22:15:05,206 [Worker-31: Launching mavenrun-99d39fd9-fb51-46f9-b85d-efe780d09a2c] INFO  o.eclipse.m2e.core.internal.Bundles - 	Entry: C:\Users\GAURANG\.p2\pool\plugins\org.eclipse.m2e.maven.runtime_3.8.604.20221130-2149\jars\maven-resolver-connector-basic-1.6.3.jar
2023-05-19 22:15:05,206 [Worker-31: Launching mavenrun-99d39fd9-fb51-46f9-b85d-efe780d09a2c] INFO  o.eclipse.m2e.core.internal.Bundles - 	Entry: C:\Users\GAURANG\.p2\pool\plugins\org.eclipse.m2e.maven.runtime_3.8.604.20221130-2149\jars\maven-resolver-impl-1.6.3.jar
2023-05-19 22:15:05,207 [Worker-31: Launching mavenrun-99d39fd9-fb51-46f9-b85d-efe780d09a2c] INFO  o.eclipse.m2e.core.internal.Bundles - 	Entry: C:\Users\GAURANG\.p2\pool\plugins\org.eclipse.m2e.maven.runtime_3.8.604.20221130-2149\jars\maven-resolver-provider-3.8.6.jar
2023-05-19 22:15:05,207 [Worker-31: Launching mavenrun-99d39fd9-fb51-46f9-b85d-efe780d09a2c] INFO  o.eclipse.m2e.core.internal.Bundles - 	Entry: C:\Users\GAURANG\.p2\pool\plugins\org.eclipse.m2e.maven.runtime_3.8.604.20221130-2149\jars\maven-resolver-spi-1.6.3.jar
2023-05-19 22:15:05,207 [Worker-31: Launching mavenrun-99d39fd9-fb51-46f9-b85d-efe780d09a2c] INFO  o.eclipse.m2e.core.internal.Bundles - 	Entry: C:\Users\GAURANG\.p2\pool\plugins\org.eclipse.m2e.maven.runtime_3.8.604.20221130-2149\jars\maven-resolver-transport-wagon-1.6.3.jar
2023-05-19 22:15:05,207 [Worker-31: Launching mavenrun-99d39fd9-fb51-46f9-b85d-efe780d09a2c] INFO  o.eclipse.m2e.core.internal.Bundles - 	Entry: C:\Users\GAURANG\.p2\pool\plugins\org.eclipse.m2e.maven.runtime_3.8.604.20221130-2149\jars\maven-resolver-util-1.6.3.jar
2023-05-19 22:15:05,207 [Worker-31: Launching mavenrun-99d39fd9-fb51-46f9-b85d-efe780d09a2c] INFO  o.eclipse.m2e.core.internal.Bundles - 	Entry: C:\Users\GAURANG\.p2\pool\plugins\org.eclipse.m2e.maven.runtime_3.8.604.20221130-2149\jars\maven-settings-3.8.6.jar
2023-05-19 22:15:05,207 [Worker-31: Launching mavenrun-99d39fd9-fb51-46f9-b85d-efe780d09a2c] INFO  o.eclipse.m2e.core.internal.Bundles - 	Entry: C:\Users\GAURANG\.p2\pool\plugins\org.eclipse.m2e.maven.runtime_3.8.604.20221130-2149\jars\maven-settings-builder-3.8.6.jar
2023-05-19 22:15:05,207 [Worker-31: Launching mavenrun-99d39fd9-fb51-46f9-b85d-efe780d09a2c] INFO  o.eclipse.m2e.core.internal.Bundles - 	Entry: C:\Users\GAURANG\.p2\pool\plugins\org.eclipse.m2e.maven.runtime_3.8.604.20221130-2149\jars\maven-shared-utils-3.3.4.jar
2023-05-19 22:15:05,207 [Worker-31: Launching mavenrun-99d39fd9-fb51-46f9-b85d-efe780d09a2c] INFO  o.eclipse.m2e.core.internal.Bundles - 	Entry: C:\Users\GAURANG\.p2\pool\plugins\org.eclipse.m2e.maven.runtime_3.8.604.20221130-2149\jars\okhttp-3.14.1.jar
2023-05-19 22:15:05,207 [Worker-31: Launching mavenrun-99d39fd9-fb51-46f9-b85d-efe780d09a2c] INFO  o.eclipse.m2e.core.internal.Bundles - 	Entry: C:\Users\GAURANG\.p2\pool\plugins\org.eclipse.m2e.maven.runtime_3.8.604.20221130-2149\jars\okio-1.17.3.jar
2023-05-19 22:15:05,207 [Worker-31: Launching mavenrun-99d39fd9-fb51-46f9-b85d-efe780d09a2c] INFO  o.eclipse.m2e.core.internal.Bundles - 	Entry: C:\Users\GAURANG\.p2\pool\plugins\org.eclipse.m2e.maven.runtime_3.8.604.20221130-2149\jars\org.eclipse.sisu.inject-0.3.5.jar
2023-05-19 22:15:05,208 [Worker-31: Launching mavenrun-99d39fd9-fb51-46f9-b85d-efe780d09a2c] INFO  o.eclipse.m2e.core.internal.Bundles - 	Entry: C:\Users\GAURANG\.p2\pool\plugins\org.eclipse.m2e.maven.runtime_3.8.604.20221130-2149\jars\org.eclipse.sisu.plexus-0.3.5.jar
2023-05-19 22:15:05,208 [Worker-31: Launching mavenrun-99d39fd9-fb51-46f9-b85d-efe780d09a2c] INFO  o.eclipse.m2e.core.internal.Bundles - 	Entry: C:\Users\GAURANG\.p2\pool\plugins\org.eclipse.m2e.maven.runtime_3.8.604.20221130-2149\jars\plexus-build-api-0.0.7.jar
2023-05-19 22:15:05,208 [Worker-31: Launching mavenrun-99d39fd9-fb51-46f9-b85d-efe780d09a2c] INFO  o.eclipse.m2e.core.internal.Bundles - 	Entry: C:\Users\GAURANG\.p2\pool\plugins\org.eclipse.m2e.maven.runtime_3.8.604.20221130-2149\jars\plexus-cipher-2.0.jar
2023-05-19 22:15:05,208 [Worker-31: Launching mavenrun-99d39fd9-fb51-46f9-b85d-efe780d09a2c] INFO  o.eclipse.m2e.core.internal.Bundles - 	Entry: C:\Users\GAURANG\.p2\pool\plugins\org.eclipse.m2e.maven.runtime_3.8.604.20221130-2149\jars\plexus-classworlds-2.6.0.jar
2023-05-19 22:15:05,208 [Worker-31: Launching mavenrun-99d39fd9-fb51-46f9-b85d-efe780d09a2c] INFO  o.eclipse.m2e.core.internal.Bundles - 	Entry: C:\Users\GAURANG\.p2\pool\plugins\org.eclipse.m2e.maven.runtime_3.8.604.20221130-2149\jars\plexus-component-annotations-2.1.0.jar
2023-05-19 22:15:05,208 [Worker-31: Launching mavenrun-99d39fd9-fb51-46f9-b85d-efe780d09a2c] INFO  o.eclipse.m2e.core.internal.Bundles - 	Entry: C:\Users\GAURANG\.p2\pool\plugins\org.eclipse.m2e.maven.runtime_3.8.604.20221130-2149\jars\plexus-interpolation-1.26.jar
2023-05-19 22:15:05,208 [Worker-31: Launching mavenrun-99d39fd9-fb51-46f9-b85d-efe780d09a2c] INFO  o.eclipse.m2e.core.internal.Bundles - 	Entry: C:\Users\GAURANG\.p2\pool\plugins\org.eclipse.m2e.maven.runtime_3.8.604.20221130-2149\jars\plexus-sec-dispatcher-2.0.jar
2023-05-19 22:15:05,208 [Worker-31: Launching mavenrun-99d39fd9-fb51-46f9-b85d-efe780d09a2c] INFO  o.eclipse.m2e.core.internal.Bundles - 	Entry: C:\Users\GAURANG\.p2\pool\plugins\org.eclipse.m2e.maven.runtime_3.8.604.20221130-2149\jars\plexus-utils-3.3.1.jar
2023-05-19 22:15:05,208 [Worker-31: Launching mavenrun-99d39fd9-fb51-46f9-b85d-efe780d09a2c] INFO  o.eclipse.m2e.core.internal.Bundles - 	Entry: C:\Users\GAURANG\.p2\pool\plugins\org.eclipse.m2e.maven.runtime_3.8.604.20221130-2149\jars\wagon-file-3.5.1.jar
2023-05-19 22:15:05,208 [Worker-31: Launching mavenrun-99d39fd9-fb51-46f9-b85d-efe780d09a2c] INFO  o.eclipse.m2e.core.internal.Bundles - 	Entry: C:\Users\GAURANG\.p2\pool\plugins\org.eclipse.m2e.maven.runtime_3.8.604.20221130-2149\jars\wagon-provider-api-3.5.1.jar
2023-05-19 22:15:05,209 [Worker-31: Launching mavenrun-99d39fd9-fb51-46f9-b85d-efe780d09a2c] INFO  o.eclipse.m2e.core.internal.Bundles - getClasspathEntries(Bundle=com.google.guava_30.1.0.v20221112-0806 [10])
2023-05-19 22:15:05,210 [Worker-31: Launching mavenrun-99d39fd9-fb51-46f9-b85d-efe780d09a2c] INFO  o.eclipse.m2e.core.internal.Bundles - 	Entry: C:\Users\GAURANG\.p2\pool\plugins\com.google.guava_30.1.0.v20221112-0806.jar
2023-05-19 22:15:05,210 [Worker-31: Launching mavenrun-99d39fd9-fb51-46f9-b85d-efe780d09a2c] INFO  o.eclipse.m2e.core.internal.Bundles - getClasspathEntries(Bundle=slf4j.api_1.7.36 [915])
2023-05-19 22:15:05,210 [Worker-31: Launching mavenrun-99d39fd9-fb51-46f9-b85d-efe780d09a2c] INFO  o.eclipse.m2e.core.internal.Bundles - 	Entry: C:\Users\GAURANG\.p2\pool\plugins\slf4j.api_1.7.36.jar
2023-05-19 22:15:05,211 [Worker-31: Launching mavenrun-99d39fd9-fb51-46f9-b85d-efe780d09a2c] INFO  o.eclipse.m2e.core.internal.Bundles - getClasspathEntries(Bundle=javax.inject_1.0.0.v20220405-0441 [32])
2023-05-19 22:15:05,211 [Worker-31: Launching mavenrun-99d39fd9-fb51-46f9-b85d-efe780d09a2c] INFO  o.eclipse.m2e.core.internal.Bundles - 	Entry: C:\Users\GAURANG\.p2\pool\plugins\javax.inject_1.0.0.v20220405-0441.jar
2023-05-19 22:15:05,211 [Worker-31: Launching mavenrun-99d39fd9-fb51-46f9-b85d-efe780d09a2c] INFO  o.eclipse.m2e.core.internal.Bundles - getClasspathEntries(Bundle=javax.annotation_1.3.5.v20221112-0806 [30])
2023-05-19 22:15:05,212 [Worker-31: Launching mavenrun-99d39fd9-fb51-46f9-b85d-efe780d09a2c] INFO  o.eclipse.m2e.core.internal.Bundles - 	Entry: C:\Users\GAURANG\.p2\pool\plugins\javax.annotation_1.3.5.v20221112-0806.jar
2023-05-19 22:15:05,214 [Worker-31: Launching mavenrun-99d39fd9-fb51-46f9-b85d-efe780d09a2c] INFO  o.e.m.i.launch.MavenLaunchDelegate - Run build in "C:\Users\GAURANG\AppData\Local\Temp\m2e-archetypeGenerator4451836339242319311":
2023-05-19 22:15:05,216 [Worker-31: Launching mavenrun-99d39fd9-fb51-46f9-b85d-efe780d09a2c] INFO  o.e.m.i.launch.MavenLaunchDelegate -  mvn  -DarchetypeGroupId=org.apache.maven.archetypes -DarchetypeArtifactId=maven-archetype-quickstart -DarchetypeVersion=1.1 -DgroupId=SpringCore -DartifactId=Spring_Framework -Dversion=0.0.1-SNAPSHOT -Dpackage=SpringCore -DoutputDirectory=C:\Users\GAURANG\Desktop\spring_framework -Dstyle.color=always -U archetype:generate
2023-05-19 22:15:18,873 [Worker-0: Creating maven-archetype-quickstart] INFO  o.e.m.c.i.p.ProjectConfigurationManager - Collecting project info '/pom.xml' C:\Users\GAURANG\Desktop\spring_framework\Spring_Framework\pom.xml
2023-05-19 22:15:19,029 [Worker-0: Creating maven-archetype-quickstart] INFO  o.e.m.c.i.l.LifecycleMappingFactory - Using org.eclipse.m2e.jdt.JarLifecycleMapping lifecycle mapping for MavenProject: SpringCore:Spring_Framework:0.0.1-SNAPSHOT @ C:\Users\GAURANG\Desktop\spring_framework\Spring_Framework\pom.xml.
2023-05-19 22:15:19,160 [Worker-0: Creating maven-archetype-quickstart] INFO  o.e.m.j.i.AbstractJavaProjectConfigurator - Adding source folder /Spring_Framework/src/main/java
2023-05-19 22:15:19,162 [Worker-0: Creating maven-archetype-quickstart] INFO  o.e.m.j.i.AbstractJavaProjectConfigurator - Adding source folder /Spring_Framework/src/test/java
2023-05-19 22:15:19,193 [Worker-0: Creating maven-archetype-quickstart] INFO  o.e.m.c.i.p.ProjectConfigurationManager - Imported and configured 1 project(s) in 0 sec
2023-05-19 22:15:19,388 [Worker-30: Building] INFO  o.e.m.c.i.embedder.EclipseLogger - Using 'UTF-8' encoding to copy filtered resources.
2023-05-19 22:15:19,388 [Worker-30: Building] INFO  o.e.m.c.i.embedder.EclipseLogger - skip non existing resourceDirectory C:\Users\GAURANG\Desktop\spring_framework\Spring_Framework\src\main\resources
2023-05-19 22:15:19,389 [Worker-30: Building] INFO  o.e.m.c.i.embedder.EclipseLogger - Using 'UTF-8' encoding to copy filtered resources.
2023-05-19 22:15:19,390 [Worker-30: Building] INFO  o.e.m.c.i.embedder.EclipseLogger - skip non existing resourceDirectory C:\Users\GAURANG\Desktop\spring_framework\Spring_Framework\src\test\resources
2023-05-19 22:16:21,202 [Worker-30: Building] INFO  o.e.m.c.i.l.LifecycleMappingFactory - Using org.eclipse.m2e.jdt.JarLifecycleMapping lifecycle mapping for MavenProject: SpringCore:Spring_Framework:0.0.1-SNAPSHOT @ C:\Users\GAURANG\Desktop\spring_framework\Spring_Framework\pom.xml.
2023-05-19 22:16:21,279 [Worker-30: Building] INFO  o.e.m.c.i.embedder.EclipseLogger - Using 'UTF-8' encoding to copy filtered resources.
2023-05-19 22:16:21,279 [Worker-30: Building] INFO  o.e.m.c.i.embedder.EclipseLogger - skip non existing resourceDirectory C:\Users\GAURANG\Desktop\spring_framework\Spring_Framework\src\main\resources
2023-05-19 22:16:21,280 [Worker-30: Building] INFO  o.e.m.c.i.embedder.EclipseLogger - Using 'UTF-8' encoding to copy filtered resources.
2023-05-19 22:16:21,280 [Worker-30: Building] INFO  o.e.m.c.i.embedder.EclipseLogger - skip non existing resourceDirectory C:\Users\GAURANG\Desktop\spring_framework\Spring_Framework\src\test\resources
2023-05-19 22:16:22,425 [Worker-35: Building] INFO  o.e.m.c.i.embedder.EclipseLogger - Using 'UTF-8' encoding to copy filtered resources.
2023-05-19 22:16:22,425 [Worker-35: Building] INFO  o.e.m.c.i.embedder.EclipseLogger - skip non existing resourceDirectory C:\Users\GAURANG\Desktop\spring_framework\Spring_Framework\src\main\resources
2023-05-19 22:16:22,426 [Worker-35: Building] INFO  o.e.m.c.i.embedder.EclipseLogger - Using 'UTF-8' encoding to copy filtered resources.
2023-05-19 22:16:22,426 [Worker-35: Building] INFO  o.e.m.c.i.embedder.EclipseLogger - skip non existing resourceDirectory C:\Users\GAURANG\Desktop\spring_framework\Spring_Framework\src\test\resources
2023-05-19 22:16:58,725 [Worker-30: Building] INFO  o.e.m.c.i.embedder.EclipseLogger - Using 'UTF-8' encoding to copy filtered resources.
2023-05-19 22:16:58,725 [Worker-30: Building] INFO  o.e.m.c.i.embedder.EclipseLogger - skip non existing resourceDirectory C:\Users\GAURANG\Desktop\spring_framework\Spring_Framework\src\main\resources
2023-05-19 22:16:58,726 [Worker-30: Building] INFO  o.e.m.c.i.embedder.EclipseLogger - Using 'UTF-8' encoding to copy filtered resources.
2023-05-19 22:16:58,726 [Worker-30: Building] INFO  o.e.m.c.i.embedder.EclipseLogger - skip non existing resourceDirectory C:\Users\GAURANG\Desktop\spring_framework\Spring_Framework\src\test\resources
2023-05-19 22:17:25,769 [Worker-36: Building] INFO  o.e.m.c.i.embedder.EclipseLogger - Using 'UTF-8' encoding to copy filtered resources.
2023-05-19 22:17:25,769 [Worker-36: Building] INFO  o.e.m.c.i.embedder.EclipseLogger - skip non existing resourceDirectory C:\Users\GAURANG\Desktop\spring_framework\Spring_Framework\src\main\resources
2023-05-19 22:17:25,770 [Worker-36: Building] INFO  o.e.m.c.i.embedder.EclipseLogger - Using 'UTF-8' encoding to copy filtered resources.
2023-05-19 22:17:25,770 [Worker-36: Building] INFO  o.e.m.c.i.embedder.EclipseLogger - skip non existing resourceDirectory C:\Users\GAURANG\Desktop\spring_framework\Spring_Framework\src\test\resources
2023-05-19 22:19:11,103 [Worker-0: Building] INFO  o.e.m.c.i.embedder.EclipseLogger - Using 'UTF-8' encoding to copy filtered resources.
2023-05-19 22:19:11,103 [Worker-0: Building] INFO  o.e.m.c.i.embedder.EclipseLogger - skip non existing resourceDirectory C:\Users\GAURANG\Desktop\spring_framework\Spring_Framework\src\main\resources
2023-05-19 22:19:11,104 [Worker-0: Building] INFO  o.e.m.c.i.embedder.EclipseLogger - Using 'UTF-8' encoding to copy filtered resources.
2023-05-19 22:19:11,104 [Worker-0: Building] INFO  o.e.m.c.i.embedder.EclipseLogger - skip non existing resourceDirectory C:\Users\GAURANG\Desktop\spring_framework\Spring_Framework\src\test\resources
2023-05-19 22:30:44,614 [Worker-30: Building] INFO  o.e.m.c.i.embedder.EclipseLogger - Using 'UTF-8' encoding to copy filtered resources.
2023-05-19 22:30:44,614 [Worker-30: Building] INFO  o.e.m.c.i.embedder.EclipseLogger - skip non existing resourceDirectory C:\Users\GAURANG\Desktop\spring_framework\Spring_Framework\src\main\resources
2023-05-19 22:30:44,615 [Worker-30: Building] INFO  o.e.m.c.i.embedder.EclipseLogger - Using 'UTF-8' encoding to copy filtered resources.
2023-05-19 22:30:44,615 [Worker-30: Building] INFO  o.e.m.c.i.embedder.EclipseLogger - skip non existing resourceDirectory C:\Users\GAURANG\Desktop\spring_framework\Spring_Framework\src\test\resources
2023-05-19 22:33:32,740 [Worker-38: Building] INFO  o.e.m.c.i.embedder.EclipseLogger - Using 'UTF-8' encoding to copy filtered resources.
2023-05-19 22:33:32,740 [Worker-38: Building] INFO  o.e.m.c.i.embedder.EclipseLogger - skip non existing resourceDirectory C:\Users\GAURANG\Desktop\spring_framework\Spring_Framework\src\main\resources
2023-05-19 22:33:32,741 [Worker-38: Building] INFO  o.e.m.c.i.embedder.EclipseLogger - Using 'UTF-8' encoding to copy filtered resources.
2023-05-19 22:33:32,741 [Worker-38: Building] INFO  o.e.m.c.i.embedder.EclipseLogger - skip non existing resourceDirectory C:\Users\GAURANG\Desktop\spring_framework\Spring_Framework\src\test\resources
2023-05-19 22:34:26,540 [Worker-37: Building] INFO  o.e.m.c.i.embedder.EclipseLogger - Using 'UTF-8' encoding to copy filtered resources.
2023-05-19 22:34:26,540 [Worker-37: Building] INFO  o.e.m.c.i.embedder.EclipseLogger - skip non existing resourceDirectory C:\Users\GAURANG\Desktop\spring_framework\Spring_Framework\src\main\resources
2023-05-19 22:34:26,541 [Worker-37: Building] INFO  o.e.m.c.i.embedder.EclipseLogger - Using 'UTF-8' encoding to copy filtered resources.
2023-05-19 22:34:26,541 [Worker-37: Building] INFO  o.e.m.c.i.embedder.EclipseLogger - skip non existing resourceDirectory C:\Users\GAURANG\Desktop\spring_framework\Spring_Framework\src\test\resources
2023-05-19 22:34:52,102 [Worker-39: Building] INFO  o.e.m.c.i.embedder.EclipseLogger - Using 'UTF-8' encoding to copy filtered resources.
2023-05-19 22:34:52,103 [Worker-39: Building] INFO  o.e.m.c.i.embedder.EclipseLogger - skip non existing resourceDirectory C:\Users\GAURANG\Desktop\spring_framework\Spring_Framework\src\main\resources
2023-05-19 22:34:52,104 [Worker-39: Building] INFO  o.e.m.c.i.embedder.EclipseLogger - Using 'UTF-8' encoding to copy filtered resources.
2023-05-19 22:34:52,104 [Worker-39: Building] INFO  o.e.m.c.i.embedder.EclipseLogger - skip non existing resourceDirectory C:\Users\GAURANG\Desktop\spring_framework\Spring_Framework\src\test\resources
2023-05-19 22:35:06,008 [Worker-38: Building] INFO  o.e.m.c.i.embedder.EclipseLogger - Using 'UTF-8' encoding to copy filtered resources.
2023-05-19 22:35:06,009 [Worker-38: Building] INFO  o.e.m.c.i.embedder.EclipseLogger - skip non existing resourceDirectory C:\Users\GAURANG\Desktop\spring_framework\Spring_Framework\src\main\resources
2023-05-19 22:35:06,010 [Worker-38: Building] INFO  o.e.m.c.i.embedder.EclipseLogger - Using 'UTF-8' encoding to copy filtered resources.
2023-05-19 22:35:06,010 [Worker-38: Building] INFO  o.e.m.c.i.embedder.EclipseLogger - skip non existing resourceDirectory C:\Users\GAURANG\Desktop\spring_framework\Spring_Framework\src\test\resources
2023-05-19 22:35:38,336 [Worker-38: Building] INFO  o.e.m.c.i.embedder.EclipseLogger - Using 'UTF-8' encoding to copy filtered resources.
2023-05-19 22:35:38,336 [Worker-38: Building] INFO  o.e.m.c.i.embedder.EclipseLogger - skip non existing resourceDirectory C:\Users\GAURANG\Desktop\spring_framework\Spring_Framework\src\main\resources
2023-05-19 22:35:38,337 [Worker-38: Building] INFO  o.e.m.c.i.embedder.EclipseLogger - Using 'UTF-8' encoding to copy filtered resources.
2023-05-19 22:35:38,337 [Worker-38: Building] INFO  o.e.m.c.i.embedder.EclipseLogger - skip non existing resourceDirectory C:\Users\GAURANG\Desktop\spring_framework\Spring_Framework\src\test\resources
2023-05-19 22:38:13,970 [Worker-0: Building] INFO  o.e.m.c.i.embedder.EclipseLogger - Using 'UTF-8' encoding to copy filtered resources.
2023-05-19 22:38:13,971 [Worker-0: Building] INFO  o.e.m.c.i.embedder.EclipseLogger - skip non existing resourceDirectory C:\Users\GAURANG\Desktop\spring_framework\Spring_Framework\src\main\resources
2023-05-19 22:38:13,971 [Worker-0: Building] INFO  o.e.m.c.i.embedder.EclipseLogger - Using 'UTF-8' encoding to copy filtered resources.
2023-05-19 22:38:13,971 [Worker-0: Building] INFO  o.e.m.c.i.embedder.EclipseLogger - skip non existing resourceDirectory C:\Users\GAURANG\Desktop\spring_framework\Spring_Framework\src\test\resources
2023-05-19 22:43:00,647 [Worker-38: Building] INFO  o.e.m.c.i.embedder.EclipseLogger - Using 'UTF-8' encoding to copy filtered resources.
2023-05-19 22:43:00,647 [Worker-38: Building] INFO  o.e.m.c.i.embedder.EclipseLogger - skip non existing resourceDirectory C:\Users\GAURANG\Desktop\spring_framework\Spring_Framework\src\main\resources
2023-05-19 22:43:00,648 [Worker-38: Building] INFO  o.e.m.c.i.embedder.EclipseLogger - Using 'UTF-8' encoding to copy filtered resources.
2023-05-19 22:43:00,648 [Worker-38: Building] INFO  o.e.m.c.i.embedder.EclipseLogger - skip non existing resourceDirectory C:\Users\GAURANG\Desktop\spring_framework\Spring_Framework\src\test\resources
2023-05-19 22:44:33,567 [Worker-0: Building] INFO  o.e.m.c.i.embedder.EclipseLogger - Using 'UTF-8' encoding to copy filtered resources.
2023-05-19 22:44:33,568 [Worker-0: Building] INFO  o.e.m.c.i.embedder.EclipseLogger - skip non existing resourceDirectory C:\Users\GAURANG\Desktop\spring_framework\Spring_Framework\src\main\resources
2023-05-19 22:44:33,568 [Worker-0: Building] INFO  o.e.m.c.i.embedder.EclipseLogger - Using 'UTF-8' encoding to copy filtered resources.
2023-05-19 22:44:33,568 [Worker-0: Building] INFO  o.e.m.c.i.embedder.EclipseLogger - skip non existing resourceDirectory C:\Users\GAURANG\Desktop\spring_framework\Spring_Framework\src\test\resources
2023-05-19 22:47:50,406 [Worker-30: Building] INFO  o.e.m.c.i.embedder.EclipseLogger - Using 'UTF-8' encoding to copy filtered resources.
2023-05-19 22:47:50,406 [Worker-30: Building] INFO  o.e.m.c.i.embedder.EclipseLogger - skip non existing resourceDirectory C:\Users\GAURANG\Desktop\spring_framework\Spring_Framework\src\main\resources
2023-05-19 22:47:50,407 [Worker-30: Building] INFO  o.e.m.c.i.embedder.EclipseLogger - Using 'UTF-8' encoding to copy filtered resources.
2023-05-19 22:47:50,407 [Worker-30: Building] INFO  o.e.m.c.i.embedder.EclipseLogger - skip non existing resourceDirectory C:\Users\GAURANG\Desktop\spring_framework\Spring_Framework\src\test\resources
2023-05-19 22:48:41,182 [Worker-0: Building] INFO  o.e.m.c.i.embedder.EclipseLogger - Using 'UTF-8' encoding to copy filtered resources.
2023-05-19 22:48:41,182 [Worker-0: Building] INFO  o.e.m.c.i.embedder.EclipseLogger - skip non existing resourceDirectory C:\Users\GAURANG\Desktop\spring_framework\Spring_Framework\src\main\resources
2023-05-19 22:48:41,183 [Worker-0: Building] INFO  o.e.m.c.i.embedder.EclipseLogger - Using 'UTF-8' encoding to copy filtered resources.
2023-05-19 22:48:41,183 [Worker-0: Building] INFO  o.e.m.c.i.embedder.EclipseLogger - skip non existing resourceDirectory C:\Users\GAURANG\Desktop\spring_framework\Spring_Framework\src\test\resources
2023-05-19 22:49:26,496 [Worker-39: Building] INFO  o.e.m.c.i.embedder.EclipseLogger - Using 'UTF-8' encoding to copy filtered resources.
2023-05-19 22:49:26,496 [Worker-39: Building] INFO  o.e.m.c.i.embedder.EclipseLogger - skip non existing resourceDirectory C:\Users\GAURANG\Desktop\spring_framework\Spring_Framework\src\main\resources
2023-05-19 22:49:26,497 [Worker-39: Building] INFO  o.e.m.c.i.embedder.EclipseLogger - Using 'UTF-8' encoding to copy filtered resources.
2023-05-19 22:49:26,497 [Worker-39: Building] INFO  o.e.m.c.i.embedder.EclipseLogger - skip non existing resourceDirectory C:\Users\GAURANG\Desktop\spring_framework\Spring_Framework\src\test\resources
2023-05-19 22:49:41,405 [Worker-39: Building] INFO  o.e.m.c.i.embedder.EclipseLogger - Using 'UTF-8' encoding to copy filtered resources.
2023-05-19 22:49:41,405 [Worker-39: Building] INFO  o.e.m.c.i.embedder.EclipseLogger - skip non existing resourceDirectory C:\Users\GAURANG\Desktop\spring_framework\Spring_Framework\src\main\resources
2023-05-19 22:49:41,406 [Worker-39: Building] INFO  o.e.m.c.i.embedder.EclipseLogger - Using 'UTF-8' encoding to copy filtered resources.
2023-05-19 22:49:41,406 [Worker-39: Building] INFO  o.e.m.c.i.embedder.EclipseLogger - skip non existing resourceDirectory C:\Users\GAURANG\Desktop\spring_framework\Spring_Framework\src\test\resources
2023-05-19 22:49:54,795 [Worker-38: Building] INFO  o.e.m.c.i.embedder.EclipseLogger - Using 'UTF-8' encoding to copy filtered resources.
2023-05-19 22:49:54,795 [Worker-38: Building] INFO  o.e.m.c.i.embedder.EclipseLogger - skip non existing resourceDirectory C:\Users\GAURANG\Desktop\spring_framework\Spring_Framework\src\main\resources
2023-05-19 22:49:54,796 [Worker-38: Building] INFO  o.e.m.c.i.embedder.EclipseLogger - Using 'UTF-8' encoding to copy filtered resources.
2023-05-19 22:49:54,796 [Worker-38: Building] INFO  o.e.m.c.i.embedder.EclipseLogger - skip non existing resourceDirectory C:\Users\GAURANG\Desktop\spring_framework\Spring_Framework\src\test\resources
2023-05-19 22:50:18,227 [Worker-0: Building] INFO  o.e.m.c.i.embedder.EclipseLogger - Using 'UTF-8' encoding to copy filtered resources.
2023-05-19 22:50:18,227 [Worker-0: Building] INFO  o.e.m.c.i.embedder.EclipseLogger - skip non existing resourceDirectory C:\Users\GAURANG\Desktop\spring_framework\Spring_Framework\src\main\resources
2023-05-19 22:50:18,228 [Worker-0: Building] INFO  o.e.m.c.i.embedder.EclipseLogger - Using 'UTF-8' encoding to copy filtered resources.
2023-05-19 22:50:18,228 [Worker-0: Building] INFO  o.e.m.c.i.embedder.EclipseLogger - skip non existing resourceDirectory C:\Users\GAURANG\Desktop\spring_framework\Spring_Framework\src\test\resources
2023-05-19 22:52:58,692 [Worker-37: Building] INFO  o.e.m.c.i.embedder.EclipseLogger - Using 'UTF-8' encoding to copy filtered resources.
2023-05-19 22:52:58,692 [Worker-37: Building] INFO  o.e.m.c.i.embedder.EclipseLogger - skip non existing resourceDirectory C:\Users\GAURANG\Desktop\spring_framework\Spring_Framework\src\main\resources
2023-05-19 22:52:58,692 [Worker-37: Building] INFO  o.e.m.c.i.embedder.EclipseLogger - Using 'UTF-8' encoding to copy filtered resources.
2023-05-19 22:52:58,692 [Worker-37: Building] INFO  o.e.m.c.i.embedder.EclipseLogger - skip non existing resourceDirectory C:\Users\GAURANG\Desktop\spring_framework\Spring_Framework\src\test\resources
2023-05-19 22:55:00,679 [Worker-39: Building] INFO  o.e.m.c.i.embedder.EclipseLogger - Using 'UTF-8' encoding to copy filtered resources.
2023-05-19 22:55:00,679 [Worker-39: Building] INFO  o.e.m.c.i.embedder.EclipseLogger - skip non existing resourceDirectory C:\Users\GAURANG\Desktop\spring_framework\Spring_Framework\src\main\resources
2023-05-19 22:55:00,680 [Worker-39: Building] INFO  o.e.m.c.i.embedder.EclipseLogger - Using 'UTF-8' encoding to copy filtered resources.
2023-05-19 22:55:00,680 [Worker-39: Building] INFO  o.e.m.c.i.embedder.EclipseLogger - skip non existing resourceDirectory C:\Users\GAURANG\Desktop\spring_framework\Spring_Framework\src\test\resources
2023-05-19 22:56:45,492 [Worker-37: Building] INFO  o.e.m.c.i.embedder.EclipseLogger - Using 'UTF-8' encoding to copy filtered resources.
2023-05-19 22:56:45,492 [Worker-37: Building] INFO  o.e.m.c.i.embedder.EclipseLogger - skip non existing resourceDirectory C:\Users\GAURANG\Desktop\spring_framework\Spring_Framework\src\main\resources
2023-05-19 22:56:45,492 [Worker-37: Building] INFO  o.e.m.c.i.embedder.EclipseLogger - Using 'UTF-8' encoding to copy filtered resources.
2023-05-19 22:56:45,492 [Worker-37: Building] INFO  o.e.m.c.i.embedder.EclipseLogger - skip non existing resourceDirectory C:\Users\GAURANG\Desktop\spring_framework\Spring_Framework\src\test\resources
2023-05-19 23:02:39,930 [Worker-30: Building] INFO  o.e.m.c.i.embedder.EclipseLogger - Using 'UTF-8' encoding to copy filtered resources.
2023-05-19 23:02:39,930 [Worker-30: Building] INFO  o.e.m.c.i.embedder.EclipseLogger - skip non existing resourceDirectory C:\Users\GAURANG\Desktop\spring_framework\Spring_Framework\src\main\resources
2023-05-19 23:02:39,931 [Worker-30: Building] INFO  o.e.m.c.i.embedder.EclipseLogger - Using 'UTF-8' encoding to copy filtered resources.
2023-05-19 23:02:39,931 [Worker-30: Building] INFO  o.e.m.c.i.embedder.EclipseLogger - skip non existing resourceDirectory C:\Users\GAURANG\Desktop\spring_framework\Spring_Framework\src\test\resources
2023-05-19 23:06:45,177 [Worker-37: Building] INFO  o.e.m.c.i.embedder.EclipseLogger - Using 'UTF-8' encoding to copy filtered resources.
2023-05-19 23:06:45,178 [Worker-37: Building] INFO  o.e.m.c.i.embedder.EclipseLogger - skip non existing resourceDirectory C:\Users\GAURANG\Desktop\spring_framework\Spring_Framework\src\main\resources
2023-05-19 23:06:45,179 [Worker-37: Building] INFO  o.e.m.c.i.embedder.EclipseLogger - Using 'UTF-8' encoding to copy filtered resources.
2023-05-19 23:06:45,179 [Worker-37: Building] INFO  o.e.m.c.i.embedder.EclipseLogger - skip non existing resourceDirectory C:\Users\GAURANG\Desktop\spring_framework\Spring_Framework\src\test\resources
